<?xml version="1.0" encoding="UTF-8"?>
<testsuite name="scrap.heap.refactor.OrderTest" tests="1" skipped="0" failures="0" errors="0" timestamp="2019-09-11T03:46:24" hostname="8c859004cf7c.ant.amazon.com" time="0.004">
  <properties/>
  <testcase name="testPlaceOrderWithNoItems" classname="scrap.heap.refactor.OrderTest" time="0.004"/>
  <system-out><![CDATA[]]></system-out>
  <system-err><![CDATA[]]></system-err>
</testsuite>
